This file contains any messages produced by compilers while
running configure, to aid debugging if configure makes a mistake.

It was created by data configure 0.0.0, which was
generated by GNU Autoconf 2.69.  Invocation command line was

  $ ./configure --prefix=/data4/tbt23/smsimulator5.5/smg4lib/data

## --------- ##
## Platform. ##
## --------- ##

hostname = enpg
uname -m = x86_64
uname -r = 5.4.0-150-generic
uname -s = Linux
uname -v = #167~18.04.1-Ubuntu SMP Wed May 24 00:51:42 UTC 2023

/usr/bin/uname -p = unknown
/bin/uname -X     = unknown

/bin/arch              = unknown
/usr/bin/arch -k       = unknown
/usr/convex/getsysinfo = unknown
/usr/bin/hostinfo      = unknown
/bin/machine           = unknown
/usr/bin/oslevel       = unknown
/bin/universe          = unknown

PATH: /home/tbt23/geant4_workdir/bin/Linux-g++
PATH: /data4/Bryan/geant4-11.1.2/install/bin
PATH: /home/tbt23/geant4_workdir/bin/Linux-g++
PATH: /data/CEE/geant4/geant4.10.05.p01-install/bin
PATH: /data4/Bryan/geant4-11.1.2/install/bin
PATH: /data4/Bryan/root-6.30.04/install/bin
PATH: /home/tbt23/geant4_workdir/bin/Linux-g++
PATH: /data/CEE/geant4/geant4.10.05.p01-install/bin
PATH: /home/tbt23/geant4_workdir/bin/Linux-g++
PATH: /data/CEE/geant4/geant4.10.05.p01-install/bin
PATH: /data/CEE/geant4/geant4.10.05.p01-install/bin
PATH: /sbin
PATH: /bin
PATH: /usr/bin
PATH: /usr/local/bin
PATH: /nas/data/ATIMA/atima_1.41
PATH: /home/qinz18/.local/bin
PATH: /home/tbt23/smsimulator5.4/bin/Linux-g++
PATH: /nas/data/ATIMA/atima_1.41
PATH: /home/qinz18/.local/bin
PATH: /home/tbt23/smsimulator5.4/bin/Linux-g++
PATH: /nas/data/ATIMA/atima_1.41
PATH: /home/qinz18/.local/bin
PATH: /data4/tbt23/smsimulator5.5/bin/Linux-g++
PATH: /data4/tbt23/smsimulator5.5/bin/Linux-g++
PATH: /data4/tbt23/smsimulator5.5/bin/Linux-g++
PATH: /data4/tbt23/smsimulator5.5/bin/Linux-g++
PATH: /data4/tbt23/smsimulator5.5/bin/Linux-g++
PATH: /nas/data/ATIMA/atima_1.41
PATH: /home/qinz18/.local/bin
PATH: /data4/tbt23/smsimulator5.5/bin/Linux-g++
PATH: /data4/tbt23/smsimulator5.5/bin/Linux-g++
PATH: /data4/tbt23/smsimulator5.5/bin/Linux-g++


## ----------- ##
## Core tests. ##
## ----------- ##

configure:2315: checking for a BSD-compatible install
configure:2383: result: /usr/bin/install -c
configure:2394: checking whether build environment is sane
configure:2449: result: yes
configure:2600: checking for a thread-safe mkdir -p
configure:2639: result: /bin/mkdir -p
configure:2646: checking for gawk
configure:2662: found /usr/bin/gawk
configure:2673: result: gawk
configure:2684: checking whether make sets $(MAKE)
configure:2706: result: yes
configure:2735: checking whether make supports nested variables
configure:2752: result: yes
configure:2941: checking for g++-13
configure:2957: found /usr/bin/g++-13
configure:2968: result: g++-13
configure:2995: checking for C++ compiler version
configure:3004: g++-13 --version >&5
g++-13 (Ubuntu 13.1.0-8ubuntu1~18.04) 13.1.0
Copyright (C) 2023 Free Software Foundation, Inc.
This is free software; see the source for copying conditions.  There is NO
warranty; not even for MERCHANTABILITY or FITNESS FOR A PARTICULAR PURPOSE.

configure:3015: $? = 0
configure:3004: g++-13 -v >&5
Using built-in specs.
COLLECT_GCC=g++-13
COLLECT_LTO_WRAPPER=/usr/libexec/gcc/x86_64-linux-gnu/13/lto-wrapper
Target: x86_64-linux-gnu
Configured with: ../src/configure -v --with-pkgversion='Ubuntu 13.1.0-8ubuntu1~18.04' --with-bugurl=file:///usr/share/doc/gcc-13/README.Bugs --enable-languages=c,ada,c++,go,d,fortran,objc,obj-c++,m2,rust --prefix=/usr --with-gcc-major-version-only --program-suffix=-13 --program-prefix=x86_64-linux-gnu- --enable-shared --enable-linker-build-id --libexecdir=/usr/libexec --without-included-gettext --enable-threads=posix --libdir=/usr/lib --enable-nls --enable-clocale=gnu --enable-libstdcxx-debug --enable-libstdcxx-time=yes --with-default-libstdcxx-abi=new --enable-gnu-unique-object --disable-vtable-verify --enable-plugin --enable-default-pie --with-system-zlib --enable-libphobos-checking=release --with-target-system-zlib=auto --enable-objc-gc=auto --enable-multiarch --disable-werror --disable-cet --with-arch-32=i686 --with-abi=m64 --with-multilib-list=m32,m64,mx32 --enable-multilib --with-tune=generic --enable-checking=release --build=x86_64-linux-gnu --host=x86_64-linux-gnu --target=x86_64-linux-gnu
Thread model: posix
Supported LTO compression algorithms: zlib zstd
gcc version 13.1.0 (Ubuntu 13.1.0-8ubuntu1~18.04) 
configure:3015: $? = 0
configure:3004: g++-13 -V >&5
g++-13: error: unrecognized command-line option '-V'
g++-13: fatal error: no input files
compilation terminated.
configure:3015: $? = 1
configure:3004: g++-13 -qversion >&5
g++-13: error: unrecognized command-line option '-qversion'; did you mean '--version'?
g++-13: fatal error: no input files
compilation terminated.
configure:3015: $? = 1
configure:3035: checking whether the C++ compiler works
configure:3057: g++-13    conftest.cpp  >&5
configure:3061: $? = 0
configure:3109: result: yes
configure:3112: checking for C++ compiler default output file name
configure:3114: result: a.out
configure:3120: checking for suffix of executables
configure:3127: g++-13 -o conftest    conftest.cpp  >&5
configure:3131: $? = 0
configure:3153: result: 
configure:3175: checking whether we are cross compiling
configure:3183: g++-13 -o conftest    conftest.cpp  >&5
configure:3187: $? = 0
configure:3194: ./conftest
configure:3198: $? = 0
configure:3213: result: no
configure:3218: checking for suffix of object files
configure:3240: g++-13 -c   conftest.cpp >&5
configure:3244: $? = 0
configure:3265: result: o
configure:3269: checking whether we are using the GNU C++ compiler
configure:3288: g++-13 -c   conftest.cpp >&5
configure:3288: $? = 0
configure:3297: result: yes
configure:3306: checking whether g++-13 accepts -g
configure:3326: g++-13 -c -g  conftest.cpp >&5
configure:3326: $? = 0
configure:3367: result: yes
configure:3401: checking for style of include used by make
configure:3429: result: GNU
configure:3455: checking dependency style of g++-13
configure:3566: result: gcc3
configure:3624: checking for ranlib
configure:3640: found /usr/bin/ranlib
configure:3651: result: ranlib
configure:3702: checking build system type
configure:3716: result: x86_64-pc-linux-gnu
configure:3736: checking host system type
configure:3749: result: x86_64-pc-linux-gnu
configure:3790: checking how to print strings
configure:3817: result: printf
configure:3886: checking for gcc
configure:3902: found /usr/bin/gcc
configure:3913: result: gcc
configure:4142: checking for C compiler version
configure:4151: gcc --version >&5
gcc (Ubuntu 9.4.0-1ubuntu1~18.04) 9.4.0
Copyright (C) 2019 Free Software Foundation, Inc.
This is free software; see the source for copying conditions.  There is NO
warranty; not even for MERCHANTABILITY or FITNESS FOR A PARTICULAR PURPOSE.

configure:4162: $? = 0
configure:4151: gcc -v >&5
Using built-in specs.
COLLECT_GCC=gcc
COLLECT_LTO_WRAPPER=/usr/lib/gcc/x86_64-linux-gnu/9/lto-wrapper
OFFLOAD_TARGET_NAMES=nvptx-none:hsa
OFFLOAD_TARGET_DEFAULT=1
Target: x86_64-linux-gnu
Configured with: ../src/configure -v --with-pkgversion='Ubuntu 9.4.0-1ubuntu1~18.04' --with-bugurl=file:///usr/share/doc/gcc-9/README.Bugs --enable-languages=c,ada,c++,go,brig,d,fortran,objc,obj-c++,gm2 --prefix=/usr --with-gcc-major-version-only --program-suffix=-9 --program-prefix=x86_64-linux-gnu- --enable-shared --enable-linker-build-id --libexecdir=/usr/lib --without-included-gettext --enable-threads=posix --libdir=/usr/lib --enable-nls --enable-clocale=gnu --enable-libstdcxx-debug --enable-libstdcxx-time=yes --with-default-libstdcxx-abi=new --enable-gnu-unique-object --disable-vtable-verify --enable-plugin --enable-default-pie --with-system-zlib --with-target-system-zlib=auto --enable-objc-gc=auto --enable-multiarch --disable-werror --with-arch-32=i686 --with-abi=m64 --with-multilib-list=m32,m64,mx32 --enable-multilib --with-tune=generic --enable-offload-targets=nvptx-none=/build/gcc-9-nrQql7/gcc-9-9.4.0/debian/tmp-nvptx/usr,hsa --without-cuda-driver --enable-checking=release --build=x86_64-linux-gnu --host=x86_64-linux-gnu --target=x86_64-linux-gnu
Thread model: posix
gcc version 9.4.0 (Ubuntu 9.4.0-1ubuntu1~18.04) 
configure:4162: $? = 0
configure:4151: gcc -V >&5
gcc: error: unrecognized command line option '-V'
gcc: fatal error: no input files
compilation terminated.
configure:4162: $? = 1
configure:4151: gcc -qversion >&5
gcc: error: unrecognized command line option '-qversion'; did you mean '--version'?
gcc: fatal error: no input files
compilation terminated.
configure:4162: $? = 1
configure:4166: checking whether we are using the GNU C compiler
configure:4185: gcc -c   conftest.c >&5
configure:4185: $? = 0
configure:4194: result: yes
configure:4203: checking whether gcc accepts -g
configure:4223: gcc -c -g  conftest.c >&5
configure:4223: $? = 0
configure:4264: result: yes
configure:4281: checking for gcc option to accept ISO C89
configure:4344: gcc  -c -g -O2  conftest.c >&5
configure:4344: $? = 0
configure:4357: result: none needed
configure:4382: checking whether gcc understands -c and -o together
configure:4404: gcc -c conftest.c -o conftest2.o
configure:4407: $? = 0
configure:4404: gcc -c conftest.c -o conftest2.o
configure:4407: $? = 0
configure:4419: result: yes
configure:4438: checking dependency style of gcc
configure:4549: result: gcc3
configure:4564: checking for a sed that does not truncate output
configure:4628: result: /bin/sed
configure:4646: checking for grep that handles long lines and -e
configure:4704: result: /bin/grep
configure:4709: checking for egrep
configure:4771: result: /bin/grep -E
configure:4776: checking for fgrep
configure:4838: result: /bin/grep -F
configure:4873: checking for ld used by gcc
configure:4940: result: /usr/bin/ld
configure:4947: checking if the linker (/usr/bin/ld) is GNU ld
configure:4962: result: yes
configure:4974: checking for BSD- or MS-compatible name lister (nm)
configure:5028: result: /usr/bin/nm -B
configure:5158: checking the name lister (/usr/bin/nm -B) interface
configure:5165: gcc -c -g -O2  conftest.c >&5
configure:5168: /usr/bin/nm -B "conftest.o"
configure:5171: output
0000000000000000 B some_variable
configure:5178: result: BSD nm
configure:5181: checking whether ln -s works
configure:5185: result: yes
configure:5193: checking the maximum length of command line arguments
configure:5324: result: 1572864
configure:5372: checking how to convert x86_64-pc-linux-gnu file names to x86_64-pc-linux-gnu format
configure:5412: result: func_convert_file_noop
configure:5419: checking how to convert x86_64-pc-linux-gnu file names to toolchain format
configure:5439: result: func_convert_file_noop
configure:5446: checking for /usr/bin/ld option to reload object files
configure:5453: result: -r
configure:5527: checking for objdump
configure:5543: found /usr/bin/objdump
configure:5554: result: objdump
configure:5586: checking how to recognize dependent libraries
configure:5786: result: pass_all
configure:5871: checking for dlltool
configure:5901: result: no
configure:5931: checking how to associate runtime and link libraries
configure:5958: result: printf %s\n
configure:6019: checking for ar
configure:6035: found /usr/bin/ar
configure:6046: result: ar
configure:6083: checking for archiver @FILE support
configure:6100: gcc -c -g -O2  conftest.c >&5
configure:6100: $? = 0
configure:6103: ar cru libconftest.a @conftest.lst >&5
ar: `u' modifier ignored since `D' is the default (see `U')
configure:6106: $? = 0
configure:6111: ar cru libconftest.a @conftest.lst >&5
ar: `u' modifier ignored since `D' is the default (see `U')
ar: conftest.o: No such file or directory
configure:6114: $? = 1
configure:6126: result: @
configure:6184: checking for strip
configure:6200: found /usr/bin/strip
configure:6211: result: strip
configure:6283: checking for ranlib
configure:6310: result: ranlib
configure:6412: checking command to parse /usr/bin/nm -B output from gcc object
configure:6565: gcc -c -g -O2  conftest.c >&5
configure:6568: $? = 0
configure:6572: /usr/bin/nm -B conftest.o \| sed -n -e 's/^.*[ ]\([ABCDGIRSTW][ABCDGIRSTW]*\)[ ][ ]*\([_A-Za-z][_A-Za-z0-9]*\)$/\1 \2 \2/p' | sed '/ __gnu_lto/d' \> conftest.nm
configure:6575: $? = 0
configure:6641: gcc -o conftest -g -O2   conftest.c conftstm.o >&5
configure:6644: $? = 0
configure:6682: result: ok
configure:6729: checking for sysroot
configure:6759: result: no
configure:6766: checking for a working dd
configure:6804: result: /bin/dd
configure:6808: checking how to truncate binary pipes
configure:6823: result: /bin/dd bs=4096 count=1
configure:6959: gcc -c -g -O2  conftest.c >&5
configure:6962: $? = 0
configure:7152: checking for mt
configure:7168: found /bin/mt
configure:7179: result: mt
configure:7202: checking if mt is a manifest tool
configure:7208: mt '-?'
configure:7216: result: no
configure:7893: checking how to run the C preprocessor
configure:7924: gcc -E  conftest.c
configure:7924: $? = 0
configure:7938: gcc -E  conftest.c
conftest.c:11:10: fatal error: ac_nonexistent.h: No such file or directory
   11 | #include <ac_nonexistent.h>
      |          ^~~~~~~~~~~~~~~~~~
compilation terminated.
configure:7938: $? = 1
configure: failed program was:
| /* confdefs.h */
| #define PACKAGE_NAME "data"
| #define PACKAGE_TARNAME "data"
| #define PACKAGE_VERSION "0.0.0"
| #define PACKAGE_STRING "data 0.0.0"
| #define PACKAGE_BUGREPORT "titech@nakamura_lab"
| #define PACKAGE_URL ""
| #define PACKAGE "data"
| #define VERSION "0.0.0"
| /* end confdefs.h.  */
| #include <ac_nonexistent.h>
configure:7963: result: gcc -E
configure:7983: gcc -E  conftest.c
configure:7983: $? = 0
configure:7997: gcc -E  conftest.c
conftest.c:11:10: fatal error: ac_nonexistent.h: No such file or directory
   11 | #include <ac_nonexistent.h>
      |          ^~~~~~~~~~~~~~~~~~
compilation terminated.
configure:7997: $? = 1
configure: failed program was:
| /* confdefs.h */
| #define PACKAGE_NAME "data"
| #define PACKAGE_TARNAME "data"
| #define PACKAGE_VERSION "0.0.0"
| #define PACKAGE_STRING "data 0.0.0"
| #define PACKAGE_BUGREPORT "titech@nakamura_lab"
| #define PACKAGE_URL ""
| #define PACKAGE "data"
| #define VERSION "0.0.0"
| /* end confdefs.h.  */
| #include <ac_nonexistent.h>
configure:8026: checking for ANSI C header files
configure:8046: gcc -c -g -O2  conftest.c >&5
configure:8046: $? = 0
configure:8119: gcc -o conftest -g -O2   conftest.c  >&5
configure:8119: $? = 0
configure:8119: ./conftest
configure:8119: $? = 0
configure:8130: result: yes
configure:8143: checking for sys/types.h
configure:8143: gcc -c -g -O2  conftest.c >&5
configure:8143: $? = 0
configure:8143: result: yes
configure:8143: checking for sys/stat.h
configure:8143: gcc -c -g -O2  conftest.c >&5
configure:8143: $? = 0
configure:8143: result: yes
configure:8143: checking for stdlib.h
configure:8143: gcc -c -g -O2  conftest.c >&5
configure:8143: $? = 0
configure:8143: result: yes
configure:8143: checking for string.h
configure:8143: gcc -c -g -O2  conftest.c >&5
configure:8143: $? = 0
configure:8143: result: yes
configure:8143: checking for memory.h
configure:8143: gcc -c -g -O2  conftest.c >&5
configure:8143: $? = 0
configure:8143: result: yes
configure:8143: checking for strings.h
configure:8143: gcc -c -g -O2  conftest.c >&5
configure:8143: $? = 0
configure:8143: result: yes
configure:8143: checking for inttypes.h
configure:8143: gcc -c -g -O2  conftest.c >&5
configure:8143: $? = 0
configure:8143: result: yes
configure:8143: checking for stdint.h
configure:8143: gcc -c -g -O2  conftest.c >&5
configure:8143: $? = 0
configure:8143: result: yes
configure:8143: checking for unistd.h
configure:8143: gcc -c -g -O2  conftest.c >&5
configure:8143: $? = 0
configure:8143: result: yes
configure:8157: checking for dlfcn.h
configure:8157: gcc -c -g -O2  conftest.c >&5
configure:8157: $? = 0
configure:8157: result: yes
configure:8424: checking for objdir
configure:8439: result: .libs
configure:8699: checking if gcc supports -fno-rtti -fno-exceptions
configure:8717: gcc -c -g -O2  -fno-rtti -fno-exceptions conftest.c >&5
cc1: warning: command line option '-fno-rtti' is valid for C++/D/ObjC++ but not for C
configure:8721: $? = 0
configure:8734: result: no
configure:9092: checking for gcc option to produce PIC
configure:9099: result: -fPIC -DPIC
configure:9107: checking if gcc PIC flag -fPIC -DPIC works
configure:9125: gcc -c -g -O2  -fPIC -DPIC -DPIC conftest.c >&5
configure:9129: $? = 0
configure:9142: result: yes
configure:9171: checking if gcc static flag -static works
configure:9199: result: yes
configure:9214: checking if gcc supports -c -o file.o
configure:9235: gcc -c -g -O2  -o out/conftest2.o conftest.c >&5
configure:9239: $? = 0
configure:9261: result: yes
configure:9269: checking if gcc supports -c -o file.o
configure:9316: result: yes
configure:9349: checking whether the gcc linker (/usr/bin/ld -m elf_x86_64) supports shared libraries
configure:10612: result: yes
configure:10649: checking whether -lc should be explicitly linked in
configure:10657: gcc -c -g -O2  conftest.c >&5
configure:10660: $? = 0
configure:10675: gcc -shared  -fPIC -DPIC conftest.o  -v -Wl,-soname -Wl,conftest -o conftest 2\>\&1 \| /bin/grep  -lc  \>/dev/null 2\>\&1
configure:10678: $? = 0
configure:10692: result: no
configure:10852: checking dynamic linker characteristics
configure:11433: gcc -o conftest -g -O2   -Wl,-rpath -Wl,/foo conftest.c  >&5
configure:11433: $? = 0
configure:11682: result: GNU/Linux ld.so
configure:11804: checking how to hardcode library paths into programs
configure:11829: result: immediate
configure:12377: checking whether stripping libraries is possible
configure:12382: result: yes
configure:12417: checking if libtool supports shared libraries
configure:12419: result: yes
configure:12422: checking whether to build shared libraries
configure:12447: result: yes
configure:12450: checking whether to build static libraries
configure:12454: result: yes
configure:12477: checking how to run the C++ preprocessor
configure:12504: g++-13 -E  conftest.cpp
configure:12504: $? = 0
configure:12518: g++-13 -E  conftest.cpp
conftest.cpp:23:10: fatal error: ac_nonexistent.h: No such file or directory
   23 | #include <ac_nonexistent.h>
      |          ^~~~~~~~~~~~~~~~~~
compilation terminated.
configure:12518: $? = 1
configure: failed program was:
| /* confdefs.h */
| #define PACKAGE_NAME "data"
| #define PACKAGE_TARNAME "data"
| #define PACKAGE_VERSION "0.0.0"
| #define PACKAGE_STRING "data 0.0.0"
| #define PACKAGE_BUGREPORT "titech@nakamura_lab"
| #define PACKAGE_URL ""
| #define PACKAGE "data"
| #define VERSION "0.0.0"
| #define STDC_HEADERS 1
| #define HAVE_SYS_TYPES_H 1
| #define HAVE_SYS_STAT_H 1
| #define HAVE_STDLIB_H 1
| #define HAVE_STRING_H 1
| #define HAVE_MEMORY_H 1
| #define HAVE_STRINGS_H 1
| #define HAVE_INTTYPES_H 1
| #define HAVE_STDINT_H 1
| #define HAVE_UNISTD_H 1
| #define HAVE_DLFCN_H 1
| #define LT_OBJDIR ".libs/"
| /* end confdefs.h.  */
| #include <ac_nonexistent.h>
configure:12543: result: g++-13 -E
configure:12563: g++-13 -E  conftest.cpp
configure:12563: $? = 0
configure:12577: g++-13 -E  conftest.cpp
conftest.cpp:23:10: fatal error: ac_nonexistent.h: No such file or directory
   23 | #include <ac_nonexistent.h>
      |          ^~~~~~~~~~~~~~~~~~
compilation terminated.
configure:12577: $? = 1
configure: failed program was:
| /* confdefs.h */
| #define PACKAGE_NAME "data"
| #define PACKAGE_TARNAME "data"
| #define PACKAGE_VERSION "0.0.0"
| #define PACKAGE_STRING "data 0.0.0"
| #define PACKAGE_BUGREPORT "titech@nakamura_lab"
| #define PACKAGE_URL ""
| #define PACKAGE "data"
| #define VERSION "0.0.0"
| #define STDC_HEADERS 1
| #define HAVE_SYS_TYPES_H 1
| #define HAVE_SYS_STAT_H 1
| #define HAVE_STDLIB_H 1
| #define HAVE_STRING_H 1
| #define HAVE_MEMORY_H 1
| #define HAVE_STRINGS_H 1
| #define HAVE_INTTYPES_H 1
| #define HAVE_STDINT_H 1
| #define HAVE_UNISTD_H 1
| #define HAVE_DLFCN_H 1
| #define LT_OBJDIR ".libs/"
| /* end confdefs.h.  */
| #include <ac_nonexistent.h>
configure:12739: checking for ld used by g++-13
configure:12806: result: /usr/bin/ld -m elf_x86_64
configure:12813: checking if the linker (/usr/bin/ld -m elf_x86_64) is GNU ld
configure:12828: result: yes
configure:12883: checking whether the g++-13 linker (/usr/bin/ld -m elf_x86_64) supports shared libraries
configure:13956: result: yes
configure:13992: g++-13 -c -g -O2  conftest.cpp >&5
configure:13995: $? = 0
configure:14476: checking for g++-13 option to produce PIC
configure:14483: result: -fPIC -DPIC
configure:14491: checking if g++-13 PIC flag -fPIC -DPIC works
configure:14509: g++-13 -c -g -O2  -fPIC -DPIC -DPIC conftest.cpp >&5
configure:14513: $? = 0
configure:14526: result: yes
configure:14549: checking if g++-13 static flag -static works
configure:14577: result: yes
configure:14589: checking if g++-13 supports -c -o file.o
configure:14610: g++-13 -c -g -O2  -o out/conftest2.o conftest.cpp >&5
configure:14614: $? = 0
configure:14636: result: yes
configure:14641: checking if g++-13 supports -c -o file.o
configure:14688: result: yes
configure:14718: checking whether the g++-13 linker (/usr/bin/ld -m elf_x86_64) supports shared libraries
configure:14761: result: yes
configure:14902: checking dynamic linker characteristics
configure:15659: result: GNU/Linux ld.so
configure:15724: checking how to hardcode library paths into programs
configure:15749: result: immediate
configure:15924: checking that generated files are newer than configure
configure:15930: result: done
configure:15957: creating ./config.status

## ---------------------- ##
## Running config.status. ##
## ---------------------- ##

This file was extended by data config.status 0.0.0, which was
generated by GNU Autoconf 2.69.  Invocation command line was

  CONFIG_FILES    = 
  CONFIG_HEADERS  = 
  CONFIG_LINKS    = 
  CONFIG_COMMANDS = 
  $ ./config.status 

on enpg

config.status:1151: creating Makefile
config.status:1151: creating sources/Makefile
config.status:1151: creating config.h
config.status:1380: executing depfiles commands
config.status:1380: executing libtool commands

## ---------------- ##
## Cache variables. ##
## ---------------- ##

ac_cv_build=x86_64-pc-linux-gnu
ac_cv_c_compiler_gnu=yes
ac_cv_cxx_compiler_gnu=yes
ac_cv_env_CCC_set=
ac_cv_env_CCC_value=
ac_cv_env_CC_set=
ac_cv_env_CC_value=
ac_cv_env_CFLAGS_set=
ac_cv_env_CFLAGS_value=
ac_cv_env_CPPFLAGS_set=
ac_cv_env_CPPFLAGS_value=
ac_cv_env_CPP_set=
ac_cv_env_CPP_value=
ac_cv_env_CXXCPP_set=
ac_cv_env_CXXCPP_value=
ac_cv_env_CXXFLAGS_set=
ac_cv_env_CXXFLAGS_value=
ac_cv_env_CXX_set=
ac_cv_env_CXX_value=
ac_cv_env_LDFLAGS_set=
ac_cv_env_LDFLAGS_value=
ac_cv_env_LIBS_set=
ac_cv_env_LIBS_value=
ac_cv_env_LT_SYS_LIBRARY_PATH_set=
ac_cv_env_LT_SYS_LIBRARY_PATH_value=
ac_cv_env_build_alias_set=
ac_cv_env_build_alias_value=
ac_cv_env_host_alias_set=
ac_cv_env_host_alias_value=
ac_cv_env_target_alias_set=
ac_cv_env_target_alias_value=
ac_cv_header_dlfcn_h=yes
ac_cv_header_inttypes_h=yes
ac_cv_header_memory_h=yes
ac_cv_header_stdc=yes
ac_cv_header_stdint_h=yes
ac_cv_header_stdlib_h=yes
ac_cv_header_string_h=yes
ac_cv_header_strings_h=yes
ac_cv_header_sys_stat_h=yes
ac_cv_header_sys_types_h=yes
ac_cv_header_unistd_h=yes
ac_cv_host=x86_64-pc-linux-gnu
ac_cv_objext=o
ac_cv_path_EGREP='/bin/grep -E'
ac_cv_path_FGREP='/bin/grep -F'
ac_cv_path_GREP=/bin/grep
ac_cv_path_SED=/bin/sed
ac_cv_path_install='/usr/bin/install -c'
ac_cv_path_lt_DD=/bin/dd
ac_cv_path_mkdir=/bin/mkdir
ac_cv_prog_AWK=gawk
ac_cv_prog_CPP='gcc -E'
ac_cv_prog_CXXCPP='g++-13 -E'
ac_cv_prog_ac_ct_AR=ar
ac_cv_prog_ac_ct_CC=gcc
ac_cv_prog_ac_ct_CXX=g++-13
ac_cv_prog_ac_ct_MANIFEST_TOOL=mt
ac_cv_prog_ac_ct_OBJDUMP=objdump
ac_cv_prog_ac_ct_RANLIB=ranlib
ac_cv_prog_ac_ct_STRIP=strip
ac_cv_prog_cc_c89=
ac_cv_prog_cc_g=yes
ac_cv_prog_cxx_g=yes
ac_cv_prog_make_make_set=yes
am_cv_CC_dependencies_compiler_type=gcc3
am_cv_CXX_dependencies_compiler_type=gcc3
am_cv_make_support_nested_variables=yes
am_cv_prog_cc_c_o=yes
lt_cv_ar_at_file=@
lt_cv_archive_cmds_need_lc=no
lt_cv_deplibs_check_method=pass_all
lt_cv_file_magic_cmd='$MAGIC_CMD'
lt_cv_file_magic_test_file=
lt_cv_ld_reload_flag=-r
lt_cv_nm_interface='BSD nm'
lt_cv_objdir=.libs
lt_cv_path_LD=/usr/bin/ld
lt_cv_path_LDCXX='/usr/bin/ld -m elf_x86_64'
lt_cv_path_NM='/usr/bin/nm -B'
lt_cv_path_mainfest_tool=no
lt_cv_prog_compiler_c_o=yes
lt_cv_prog_compiler_c_o_CXX=yes
lt_cv_prog_compiler_pic='-fPIC -DPIC'
lt_cv_prog_compiler_pic_CXX='-fPIC -DPIC'
lt_cv_prog_compiler_pic_works=yes
lt_cv_prog_compiler_pic_works_CXX=yes
lt_cv_prog_compiler_rtti_exceptions=no
lt_cv_prog_compiler_static_works=yes
lt_cv_prog_compiler_static_works_CXX=yes
lt_cv_prog_gnu_ld=yes
lt_cv_prog_gnu_ldcxx=yes
lt_cv_sharedlib_from_linklib_cmd='printf %s\n'
lt_cv_shlibpath_overrides_runpath=yes
lt_cv_sys_global_symbol_pipe='sed -n -e '\''s/^.*[	 ]\([ABCDGIRSTW][ABCDGIRSTW]*\)[	 ][	 ]*\([_A-Za-z][_A-Za-z0-9]*\)$/\1 \2 \2/p'\'' | sed '\''/ __gnu_lto/d'\'''
lt_cv_sys_global_symbol_to_c_name_address='sed -n -e '\''s/^: \(.*\) .*$/  {"\1", (void *) 0},/p'\'' -e '\''s/^[ABCDGIRSTW][ABCDGIRSTW]* .* \(.*\)$/  {"\1", (void *) \&\1},/p'\'''
lt_cv_sys_global_symbol_to_c_name_address_lib_prefix='sed -n -e '\''s/^: \(.*\) .*$/  {"\1", (void *) 0},/p'\'' -e '\''s/^[ABCDGIRSTW][ABCDGIRSTW]* .* \(lib.*\)$/  {"\1", (void *) \&\1},/p'\'' -e '\''s/^[ABCDGIRSTW][ABCDGIRSTW]* .* \(.*\)$/  {"lib\1", (void *) \&\1},/p'\'''
lt_cv_sys_global_symbol_to_cdecl='sed -n -e '\''s/^T .* \(.*\)$/extern int \1();/p'\'' -e '\''s/^[ABCDGIRSTW][ABCDGIRSTW]* .* \(.*\)$/extern char \1;/p'\'''
lt_cv_sys_global_symbol_to_import=
lt_cv_sys_max_cmd_len=1572864
lt_cv_to_host_file_cmd=func_convert_file_noop
lt_cv_to_tool_file_cmd=func_convert_file_noop
lt_cv_truncate_bin='/bin/dd bs=4096 count=1'

## ----------------- ##
## Output variables. ##
## ----------------- ##

ACLOCAL='${SHELL} /data4/tbt23/smsimulator5.5/smg4lib/data/missing aclocal-1.15'
AMDEPBACKSLASH='\'
AMDEP_FALSE='#'
AMDEP_TRUE=''
AMTAR='$${TAR-tar}'
AM_BACKSLASH='\'
AM_DEFAULT_V='$(AM_DEFAULT_VERBOSITY)'
AM_DEFAULT_VERBOSITY='1'
AM_V='$(V)'
AR='ar'
AUTOCONF='${SHELL} /data4/tbt23/smsimulator5.5/smg4lib/data/missing autoconf'
AUTOHEADER='${SHELL} /data4/tbt23/smsimulator5.5/smg4lib/data/missing autoheader'
AUTOMAKE='${SHELL} /data4/tbt23/smsimulator5.5/smg4lib/data/missing automake-1.15'
AWK='gawk'
CC='gcc'
CCDEPMODE='depmode=gcc3'
CFLAGS='-g -O2'
CPP='gcc -E'
CPPFLAGS=''
CXX='g++-13'
CXXCPP='g++-13 -E'
CXXDEPMODE='depmode=gcc3'
CXXFLAGS='-g -O2'
CYGPATH_W='echo'
DEFS='-DHAVE_CONFIG_H'
DEPDIR='.deps'
DLLTOOL='false'
DSYMUTIL=''
DUMPBIN=''
ECHO_C=''
ECHO_N='-n'
ECHO_T=''
EGREP='/bin/grep -E'
EXEEXT=''
FGREP='/bin/grep -F'
GREP='/bin/grep'
INSTALL_DATA='${INSTALL} -m 644'
INSTALL_PROGRAM='${INSTALL}'
INSTALL_SCRIPT='${INSTALL}'
INSTALL_STRIP_PROGRAM='$(install_sh) -c -s'
LD='/usr/bin/ld -m elf_x86_64'
LDFLAGS=''
LIBOBJS=''
LIBS=''
LIBTOOL='$(SHELL) $(top_builddir)/libtool'
LIPO=''
LN_S='ln -s'
LTLIBOBJS=''
LT_SYS_LIBRARY_PATH=''
MAKEINFO='${SHELL} /data4/tbt23/smsimulator5.5/smg4lib/data/missing makeinfo'
MANIFEST_TOOL=':'
MKDIR_P='/bin/mkdir -p'
NM='/usr/bin/nm -B'
NMEDIT=''
OBJDUMP='objdump'
OBJEXT='o'
OTOOL64=''
OTOOL=''
PACKAGE='data'
PACKAGE_BUGREPORT='titech@nakamura_lab'
PACKAGE_NAME='data'
PACKAGE_STRING='data 0.0.0'
PACKAGE_TARNAME='data'
PACKAGE_URL=''
PACKAGE_VERSION='0.0.0'
PATH_SEPARATOR=':'
RANLIB='ranlib'
ROOTLIBS='-L/data4/Bryan/root-6.30.04/install/lib -lGui -lCore -lImt -lRIO -lNet -lHist -lGraf -lGraf3d -lGpad -lROOTVecOps -lTree -lTreePlayer -lRint -lPostscript -lMatrix -lPhysics -lMathCore -lThread -lMultiProc -lROOTDataFrame -Wl,-rpath,/data4/Bryan/root-6.30.04/install/lib -pthread -lm -ldl -rdynamic'
SED='/bin/sed'
SET_MAKE=''
SHELL='/bin/bash'
STRIP='strip'
VERSION='0.0.0'
ac_ct_AR='ar'
ac_ct_CC='gcc'
ac_ct_CXX='g++-13'
ac_ct_DUMPBIN=''
am__EXEEXT_FALSE=''
am__EXEEXT_TRUE='#'
am__fastdepCC_FALSE='#'
am__fastdepCC_TRUE=''
am__fastdepCXX_FALSE='#'
am__fastdepCXX_TRUE=''
am__include='include'
am__isrc=''
am__leading_dot='.'
am__nodep='_no'
am__quote=''
am__tar='$${TAR-tar} chof - "$$tardir"'
am__untar='$${TAR-tar} xf -'
bindir='${exec_prefix}/bin'
build='x86_64-pc-linux-gnu'
build_alias=''
build_cpu='x86_64'
build_os='linux-gnu'
build_vendor='pc'
datadir='${datarootdir}'
datarootdir='${prefix}/share'
docdir='${datarootdir}/doc/${PACKAGE_TARNAME}'
dvidir='${docdir}'
exec_prefix='${prefix}'
host='x86_64-pc-linux-gnu'
host_alias=''
host_cpu='x86_64'
host_os='linux-gnu'
host_vendor='pc'
htmldir='${docdir}'
includedir='${prefix}/include'
infodir='${datarootdir}/info'
install_sh='${SHELL} /data4/tbt23/smsimulator5.5/smg4lib/data/install-sh'
libdir='${exec_prefix}/lib'
libexecdir='${exec_prefix}/libexec'
localedir='${datarootdir}/locale'
localstatedir='${prefix}/var'
mandir='${datarootdir}/man'
mkdir_p='$(MKDIR_P)'
oldincludedir='/usr/include'
pdfdir='${docdir}'
prefix='/data4/tbt23/smsimulator5.5/smg4lib/data'
program_transform_name='s,x,x,'
psdir='${docdir}'
runstatedir='${localstatedir}/run'
sbindir='${exec_prefix}/sbin'
sharedstatedir='${prefix}/com'
sysconfdir='${prefix}/etc'
target_alias=''

## ----------- ##
## confdefs.h. ##
## ----------- ##

/* confdefs.h */
#define PACKAGE_NAME "data"
#define PACKAGE_TARNAME "data"
#define PACKAGE_VERSION "0.0.0"
#define PACKAGE_STRING "data 0.0.0"
#define PACKAGE_BUGREPORT "titech@nakamura_lab"
#define PACKAGE_URL ""
#define PACKAGE "data"
#define VERSION "0.0.0"
#define STDC_HEADERS 1
#define HAVE_SYS_TYPES_H 1
#define HAVE_SYS_STAT_H 1
#define HAVE_STDLIB_H 1
#define HAVE_STRING_H 1
#define HAVE_MEMORY_H 1
#define HAVE_STRINGS_H 1
#define HAVE_INTTYPES_H 1
#define HAVE_STDINT_H 1
#define HAVE_UNISTD_H 1
#define HAVE_DLFCN_H 1
#define LT_OBJDIR ".libs/"

configure: exit 0

## ---------------------- ##
## Running config.status. ##
## ---------------------- ##

This file was extended by data config.status 0.0.0, which was
generated by GNU Autoconf 2.69.  Invocation command line was

  CONFIG_FILES    = 
  CONFIG_HEADERS  = 
  CONFIG_LINKS    = 
  CONFIG_COMMANDS = 
  $ ./config.status config.h

on enpg

config.status:1151: creating config.h
config.status:1332: config.h is unchanged
